2022-04-06 20:23:15.031  INFO 18320 [main] --- c.t.SpringTemplateApplicationTests       : Starting SpringTemplateApplicationTests on DESKTOP-2EIBMTU with PID 18320 (started by wilia in C:\DEV\GIT\WILTECH\StaffManagementMonolith\staffManagementAPI)
2022-04-06 20:23:15.031  INFO 18320 [main] --- c.t.SpringTemplateApplicationTests       : No active profile set, falling back to default profiles: default
2022-04-06 20:23:16.328  INFO 18320 [main] --- .s.d.r.c.RepositoryConfigurationDelegate : Bootstrapping Spring Data JPA repositories in DEFAULT mode.
2022-04-06 20:23:16.516  INFO 18320 [main] --- .s.d.r.c.RepositoryConfigurationDelegate : Finished Spring Data repository scanning in 167ms. Found 4 JPA repository interfaces.
2022-04-06 20:23:17.360  INFO 18320 [main] --- trationDelegate$BeanPostProcessorChecker : Bean 'org.springframework.security.config.annotation.configuration.ObjectPostProcessorConfiguration' of type [org.springframework.security.config.annotation.configuration.ObjectPostProcessorConfiguration] is not eligible for getting processed by all BeanPostProcessors (for example: not eligible for auto-proxying)
2022-04-06 20:23:17.375  INFO 18320 [main] --- trationDelegate$BeanPostProcessorChecker : Bean 'objectPostProcessor' of type [org.springframework.security.config.annotation.configuration.AutowireBeanFactoryObjectPostProcessor] is not eligible for getting processed by all BeanPostProcessors (for example: not eligible for auto-proxying)
2022-04-06 20:23:17.375  INFO 18320 [main] --- trationDelegate$BeanPostProcessorChecker : Bean 'org.springframework.security.access.expression.method.DefaultMethodSecurityExpressionHandler@2282400e' of type [org.springframework.security.access.expression.method.DefaultMethodSecurityExpressionHandler] is not eligible for getting processed by all BeanPostProcessors (for example: not eligible for auto-proxying)
2022-04-06 20:23:17.391  INFO 18320 [main] --- trationDelegate$BeanPostProcessorChecker : Bean 'methodSecurityConfig' of type [com.wiltech.config.MethodSecurityConfig$$EnhancerBySpringCGLIB$$31486f25] is not eligible for getting processed by all BeanPostProcessors (for example: not eligible for auto-proxying)
2022-04-06 20:23:17.407  INFO 18320 [main] --- trationDelegate$BeanPostProcessorChecker : Bean 'org.springframework.security.config.annotation.method.configuration.Jsr250MetadataSourceConfiguration' of type [org.springframework.security.config.annotation.method.configuration.Jsr250MetadataSourceConfiguration] is not eligible for getting processed by all BeanPostProcessors (for example: not eligible for auto-proxying)
2022-04-06 20:23:17.407  INFO 18320 [main] --- trationDelegate$BeanPostProcessorChecker : Bean 'jsr250MethodSecurityMetadataSource' of type [org.springframework.security.access.annotation.Jsr250MethodSecurityMetadataSource] is not eligible for getting processed by all BeanPostProcessors (for example: not eligible for auto-proxying)
2022-04-06 20:23:17.422  INFO 18320 [main] --- trationDelegate$BeanPostProcessorChecker : Bean 'methodSecurityMetadataSource' of type [org.springframework.security.access.method.DelegatingMethodSecurityMetadataSource] is not eligible for getting processed by all BeanPostProcessors (for example: not eligible for auto-proxying)
2022-04-06 20:23:17.782  INFO 18320 [main] --- o.f.c.internal.license.VersionPrinter    : Flyway Community Edition 6.0.8 by Redgate
2022-04-06 20:23:17.782  INFO 18320 [main] --- com.zaxxer.hikari.HikariDataSource       : HikariPool-1 - Starting...
2022-04-06 20:23:18.125  INFO 18320 [main] --- com.zaxxer.hikari.HikariDataSource       : HikariPool-1 - Start completed.
2022-04-06 20:23:18.157  INFO 18320 [main] --- o.f.c.internal.database.DatabaseFactory  : Database: jdbc:h2:mem:database (H2 1.4)
2022-04-06 20:23:18.204  WARN 18320 [main] --- o.f.c.internal.database.base.Database    : Flyway upgrade recommended: H2 1.4.200 is newer than this version of Flyway and support has not been tested. The latest supported version of H2 is 1.4.199.
2022-04-06 20:23:18.266  INFO 18320 [main] --- o.f.core.internal.command.DbValidate     : Successfully validated 2 migrations (execution time 00:00.041s)
2022-04-06 20:23:18.282  INFO 18320 [main] --- o.f.c.i.s.JdbcTableSchemaHistory         : Creating Schema History table "PUBLIC"."flyway_schema_history" ...
2022-04-06 20:23:18.344  INFO 18320 [main] --- o.f.core.internal.command.DbMigrate      : Current version of schema "PUBLIC": << Empty Schema >>
2022-04-06 20:23:18.360  INFO 18320 [main] --- o.f.core.internal.command.DbMigrate      : Migrating schema "PUBLIC" to version 1.001 - CreateTables
2022-04-06 20:23:18.438  INFO 18320 [main] --- o.f.core.internal.command.DbMigrate      : Migrating schema "PUBLIC" to version 1.002 - Inserts
2022-04-06 20:23:18.469  INFO 18320 [main] --- o.f.core.internal.command.DbMigrate      : Successfully applied 2 migrations to schema "PUBLIC" (execution time 00:00.124s)
2022-04-06 20:23:18.704  INFO 18320 [main] --- o.hibernate.jpa.internal.util.LogHelper  : HHH000204: Processing PersistenceUnitInfo [name: default]
2022-04-06 20:23:18.860  INFO 18320 [main] --- org.hibernate.Version                    : HHH000412: Hibernate ORM core version 5.4.12.Final
2022-04-06 20:23:19.126  INFO 18320 [main] --- o.hibernate.annotations.common.Version   : HCANN000001: Hibernate Commons Annotations {5.1.0.Final}
2022-04-06 20:23:19.657  INFO 18320 [main] --- org.hibernate.dialect.Dialect            : HHH000400: Using dialect: org.hibernate.dialect.H2Dialect
2022-04-06 20:23:20.798  INFO 18320 [main] --- o.h.e.t.j.p.i.JtaPlatformInitiator       : HHH000490: Using JtaPlatform implementation: [org.hibernate.engine.transaction.jta.platform.internal.NoJtaPlatform]
2022-04-06 20:23:20.969  INFO 18320 [main] --- j.LocalContainerEntityManagerFactoryBean : Initialized JPA EntityManagerFactory for persistence unit 'default'
2022-04-06 20:23:21.141  WARN 18320 [main] --- JpaBaseConfiguration$JpaWebConfiguration : spring.jpa.open-in-view is enabled by default. Therefore, database queries may be performed during view rendering. Explicitly configure spring.jpa.open-in-view to disable this warning
2022-04-06 20:23:22.767  INFO 18320 [main] --- o.s.s.web.DefaultSecurityFilterChain     : Creating filter chain: any request, [org.springframework.security.web.context.request.async.WebAsyncManagerIntegrationFilter@4a561f7d, org.springframework.security.web.context.SecurityContextPersistenceFilter@3749c6ac, org.springframework.security.web.header.HeaderWriterFilter@7e8f97dd, org.springframework.security.web.authentication.logout.LogoutFilter@4d4337f9, com.wiltech.security.jwt.JwtTokenFilter@601ca994, org.springframework.security.web.savedrequest.RequestCacheAwareFilter@501956f9, org.springframework.security.web.servletapi.SecurityContextHolderAwareRequestFilter@4ccf1d3e, org.springframework.security.web.authentication.AnonymousAuthenticationFilter@1acd2a14, org.springframework.security.web.session.SessionManagementFilter@7d741200, org.springframework.security.web.access.ExceptionTranslationFilter@4b8c9729, org.springframework.security.web.access.intercept.FilterSecurityInterceptor@123d666b]
2022-04-06 20:23:23.282  INFO 18320 [main] --- o.s.s.concurrent.ThreadPoolTaskExecutor  : Initializing ExecutorService 'applicationTaskExecutor'
2022-04-06 20:23:24.079  INFO 18320 [main] --- o.s.b.a.h2.H2ConsoleAutoConfiguration    : H2 console available at '/h2-console'. Database available at 'jdbc:h2:mem:database'
2022-04-06 20:23:24.360  INFO 18320 [main] --- c.t.SpringTemplateApplicationTests       : Started SpringTemplateApplicationTests in 10.023 seconds (JVM running for 11.505)
2022-04-06 20:23:24.610  INFO 18320 [SpringContextShutdownHook] --- o.s.s.concurrent.ThreadPoolTaskExecutor  : Shutting down ExecutorService 'applicationTaskExecutor'
2022-04-06 20:23:24.610  INFO 18320 [SpringContextShutdownHook] --- j.LocalContainerEntityManagerFactoryBean : Closing JPA EntityManagerFactory for persistence unit 'default'
2022-04-06 20:23:24.610  INFO 18320 [SpringContextShutdownHook] --- com.zaxxer.hikari.HikariDataSource       : HikariPool-1 - Shutdown initiated...
2022-04-06 20:23:24.610  INFO 18320 [SpringContextShutdownHook] --- com.zaxxer.hikari.HikariDataSource       : HikariPool-1 - Shutdown completed.
2022-04-06 21:06:14.409  INFO 9764 [main] --- com.wiltech.StaffManagementApplication   : Starting StaffManagementApplication on DESKTOP-2EIBMTU with PID 9764 (C:\DEV\GIT\WILTECH\StaffManagementMonolith\staffManagementAPI\target\classes started by wilia in C:\DEV\GIT\WILTECH\StaffManagementMonolith\staffManagementAPI)
2022-04-06 21:06:14.414  INFO 9764 [main] --- com.wiltech.StaffManagementApplication   : No active profile set, falling back to default profiles: default
2022-04-06 21:06:15.244  INFO 9764 [main] --- .s.d.r.c.RepositoryConfigurationDelegate : Bootstrapping Spring Data JPA repositories in DEFAULT mode.
2022-04-06 21:06:15.357  INFO 9764 [main] --- .s.d.r.c.RepositoryConfigurationDelegate : Finished Spring Data repository scanning in 102ms. Found 4 JPA repository interfaces.
2022-04-06 21:06:15.774  INFO 9764 [main] --- trationDelegate$BeanPostProcessorChecker : Bean 'org.springframework.security.config.annotation.configuration.ObjectPostProcessorConfiguration' of type [org.springframework.security.config.annotation.configuration.ObjectPostProcessorConfiguration] is not eligible for getting processed by all BeanPostProcessors (for example: not eligible for auto-proxying)
2022-04-06 21:06:15.774  INFO 9764 [main] --- trationDelegate$BeanPostProcessorChecker : Bean 'objectPostProcessor' of type [org.springframework.security.config.annotation.configuration.AutowireBeanFactoryObjectPostProcessor] is not eligible for getting processed by all BeanPostProcessors (for example: not eligible for auto-proxying)
2022-04-06 21:06:15.774  INFO 9764 [main] --- trationDelegate$BeanPostProcessorChecker : Bean 'org.springframework.security.access.expression.method.DefaultMethodSecurityExpressionHandler@18a25bbd' of type [org.springframework.security.access.expression.method.DefaultMethodSecurityExpressionHandler] is not eligible for getting processed by all BeanPostProcessors (for example: not eligible for auto-proxying)
2022-04-06 21:06:15.774  INFO 9764 [main] --- trationDelegate$BeanPostProcessorChecker : Bean 'methodSecurityConfig' of type [com.wiltech.config.MethodSecurityConfig$$EnhancerBySpringCGLIB$$953b8c69] is not eligible for getting processed by all BeanPostProcessors (for example: not eligible for auto-proxying)
2022-04-06 21:06:15.790  INFO 9764 [main] --- trationDelegate$BeanPostProcessorChecker : Bean 'org.springframework.security.config.annotation.method.configuration.Jsr250MetadataSourceConfiguration' of type [org.springframework.security.config.annotation.method.configuration.Jsr250MetadataSourceConfiguration] is not eligible for getting processed by all BeanPostProcessors (for example: not eligible for auto-proxying)
2022-04-06 21:06:15.790  INFO 9764 [main] --- trationDelegate$BeanPostProcessorChecker : Bean 'jsr250MethodSecurityMetadataSource' of type [org.springframework.security.access.annotation.Jsr250MethodSecurityMetadataSource] is not eligible for getting processed by all BeanPostProcessors (for example: not eligible for auto-proxying)
2022-04-06 21:06:15.790  INFO 9764 [main] --- trationDelegate$BeanPostProcessorChecker : Bean 'methodSecurityMetadataSource' of type [org.springframework.security.access.method.DelegatingMethodSecurityMetadataSource] is not eligible for getting processed by all BeanPostProcessors (for example: not eligible for auto-proxying)
2022-04-06 21:06:16.059  INFO 9764 [main] --- o.s.b.w.embedded.tomcat.TomcatWebServer  : Tomcat initialized with port(s): 5001 (http)
2022-04-06 21:06:16.075  INFO 9764 [main] --- o.a.coyote.http11.Http11NioProtocol      : Initializing ProtocolHandler ["http-nio-5001"]
2022-04-06 21:06:16.075  INFO 9764 [main] --- o.apache.catalina.core.StandardService   : Starting service [Tomcat]
2022-04-06 21:06:16.075  INFO 9764 [main] --- org.apache.catalina.core.StandardEngine  : Starting Servlet engine: [Apache Tomcat/9.0.31]
2022-04-06 21:06:16.206  INFO 9764 [main] --- o.a.c.c.C.[Tomcat].[localhost].[/api]    : Initializing Spring embedded WebApplicationContext
2022-04-06 21:06:16.206  INFO 9764 [main] --- o.s.web.context.ContextLoader            : Root WebApplicationContext: initialization completed in 1742 ms
2022-04-06 21:06:16.260  INFO 9764 [main] --- com.zaxxer.hikari.HikariDataSource       : HikariPool-1 - Starting...
2022-04-06 21:06:16.345  INFO 9764 [main] --- com.zaxxer.hikari.HikariDataSource       : HikariPool-1 - Start completed.
2022-04-06 21:06:16.360  INFO 9764 [main] --- o.s.b.a.h2.H2ConsoleAutoConfiguration    : H2 console available at '/h2-console'. Database available at 'jdbc:h2:mem:database'
2022-04-06 21:06:16.476  INFO 9764 [main] --- o.f.c.internal.license.VersionPrinter    : Flyway Community Edition 6.0.8 by Redgate
2022-04-06 21:06:16.492  INFO 9764 [main] --- o.f.c.internal.database.DatabaseFactory  : Database: jdbc:h2:mem:database (H2 1.4)
2022-04-06 21:06:16.507  WARN 9764 [main] --- o.f.c.internal.database.base.Database    : Flyway upgrade recommended: H2 1.4.200 is newer than this version of Flyway and support has not been tested. The latest supported version of H2 is 1.4.199.
2022-04-06 21:06:16.561  INFO 9764 [main] --- o.f.core.internal.command.DbValidate     : Successfully validated 2 migrations (execution time 00:00.034s)
2022-04-06 21:06:16.576  INFO 9764 [main] --- o.f.c.i.s.JdbcTableSchemaHistory         : Creating Schema History table "PUBLIC"."flyway_schema_history" ...
2022-04-06 21:06:16.608  INFO 9764 [main] --- o.f.core.internal.command.DbMigrate      : Current version of schema "PUBLIC": << Empty Schema >>
2022-04-06 21:06:16.623  INFO 9764 [main] --- o.f.core.internal.command.DbMigrate      : Migrating schema "PUBLIC" to version 1.001 - CreateTables
2022-04-06 21:06:16.645  INFO 9764 [main] --- o.f.core.internal.command.DbMigrate      : Migrating schema "PUBLIC" to version 1.002 - Inserts
2022-04-06 21:06:16.661  INFO 9764 [main] --- o.f.core.internal.command.DbMigrate      : Successfully applied 2 migrations to schema "PUBLIC" (execution time 00:00.061s)
2022-04-06 21:06:16.761  INFO 9764 [main] --- o.hibernate.jpa.internal.util.LogHelper  : HHH000204: Processing PersistenceUnitInfo [name: default]
2022-04-06 21:06:16.846  INFO 9764 [main] --- org.hibernate.Version                    : HHH000412: Hibernate ORM core version 5.4.12.Final
2022-04-06 21:06:16.999  INFO 9764 [main] --- o.hibernate.annotations.common.Version   : HCANN000001: Hibernate Commons Annotations {5.1.0.Final}
2022-04-06 21:06:17.093  INFO 9764 [main] --- org.hibernate.dialect.Dialect            : HHH000400: Using dialect: org.hibernate.dialect.H2Dialect
2022-04-06 21:06:17.755  INFO 9764 [main] --- o.h.e.t.j.p.i.JtaPlatformInitiator       : HHH000490: Using JtaPlatform implementation: [org.hibernate.engine.transaction.jta.platform.internal.NoJtaPlatform]
2022-04-06 21:06:17.853  INFO 9764 [main] --- j.LocalContainerEntityManagerFactoryBean : Initialized JPA EntityManagerFactory for persistence unit 'default'
2022-04-06 21:06:17.941  WARN 9764 [main] --- JpaBaseConfiguration$JpaWebConfiguration : spring.jpa.open-in-view is enabled by default. Therefore, database queries may be performed during view rendering. Explicitly configure spring.jpa.open-in-view to disable this warning
2022-04-06 21:06:18.817  INFO 9764 [main] --- o.s.s.web.DefaultSecurityFilterChain     : Creating filter chain: any request, [org.springframework.security.web.context.request.async.WebAsyncManagerIntegrationFilter@7878459f, org.springframework.security.web.context.SecurityContextPersistenceFilter@73e63b4d, org.springframework.security.web.header.HeaderWriterFilter@2571bdf4, org.springframework.security.web.authentication.logout.LogoutFilter@34d0c331, com.wiltech.security.jwt.JwtTokenFilter@4f6a5cc9, org.springframework.security.web.savedrequest.RequestCacheAwareFilter@3c717ef2, org.springframework.security.web.servletapi.SecurityContextHolderAwareRequestFilter@1443539, org.springframework.security.web.authentication.AnonymousAuthenticationFilter@5d24703e, org.springframework.security.web.session.SessionManagementFilter@1104ad6a, org.springframework.security.web.access.ExceptionTranslationFilter@3c981f76, org.springframework.security.web.access.intercept.FilterSecurityInterceptor@2caa9666]
2022-04-06 21:06:18.973  INFO 9764 [main] --- o.s.s.concurrent.ThreadPoolTaskExecutor  : Initializing ExecutorService 'applicationTaskExecutor'
2022-04-06 21:06:19.283  INFO 9764 [main] --- o.a.coyote.http11.Http11NioProtocol      : Starting ProtocolHandler ["http-nio-5001"]
2022-04-06 21:06:19.298  INFO 9764 [main] --- o.s.b.w.embedded.tomcat.TomcatWebServer  : Tomcat started on port(s): 5001 (http) with context path '/api'
2022-04-06 21:06:19.298  INFO 9764 [main] --- com.wiltech.StaffManagementApplication   : Started StaffManagementApplication in 5.474 seconds (JVM running for 6.657)
2022-04-06 21:06:25.386  INFO 9764 [http-nio-5001-exec-1] --- o.a.c.c.C.[Tomcat].[localhost].[/api]    : Initializing Spring DispatcherServlet 'dispatcherServlet'
2022-04-06 21:06:25.389  INFO 9764 [http-nio-5001-exec-1] --- o.s.web.servlet.DispatcherServlet        : Initializing Servlet 'dispatcherServlet'
2022-04-06 21:06:25.399  INFO 9764 [http-nio-5001-exec-1] --- o.s.web.servlet.DispatcherServlet        : Completed initialization in 10 ms
2022-04-06 21:07:48.798  INFO 9764 [http-nio-5001-exec-5] --- c.w.p.e.handler.UserCreatedEventHandler  : handling user created
2022-04-06 21:07:48.807  INFO 9764 [http-nio-5001-exec-5] --- .e.h.UserCreatedEmailMessageEventHandler : Sending confirmation email when handling user created
2022-04-06 21:07:50.570  INFO 9764 [http-nio-5001-exec-5] --- com.wiltech.libraries.mails.MailService  : Activation email sent!!
2022-04-06 21:08:09.576  WARN 9764 [http-nio-5001-exec-1] --- .m.m.a.ExceptionHandlerExceptionResolver : Failure in @ExceptionHandler com.wiltech.exceptions.ApiExceptionHandler#handleException(Exception, WebRequest)
java.lang.ClassCastException: class org.springframework.validation.beanvalidation.SpringValidatorAdapter$ViolationObjectError cannot be cast to class org.springframework.validation.FieldError (org.springframework.validation.beanvalidation.SpringValidatorAdapter$ViolationObjectError and org.springframework.validation.FieldError are in unnamed module of loader 'app')
	at com.wiltech.exceptions.ApiExceptionHandler.buildPropertyFieldError(ApiExceptionHandler.java:76)
	at java.base/java.util.stream.ReferencePipeline$3$1.accept(ReferencePipeline.java:195)
	at java.base/java.util.LinkedList$LLSpliterator.forEachRemaining(LinkedList.java:1239)
	at java.base/java.util.stream.AbstractPipeline.copyInto(AbstractPipeline.java:484)
	at java.base/java.util.stream.AbstractPipeline.wrapAndCopyInto(AbstractPipeline.java:474)
	at java.base/java.util.stream.ReduceOps$ReduceOp.evaluateSequential(ReduceOps.java:913)
	at java.base/java.util.stream.AbstractPipeline.evaluate(AbstractPipeline.java:234)
	at java.base/java.util.stream.ReferencePipeline.collect(ReferencePipeline.java:578)
	at com.wiltech.exceptions.ApiExceptionHandler.getFailedValidationFields(ApiExceptionHandler.java:71)
	at com.wiltech.exceptions.ApiExceptionHandler.handleMethodArgumentNotValid(ApiExceptionHandler.java:61)
	at org.springframework.web.servlet.mvc.method.annotation.ResponseEntityExceptionHandler.handleException(ResponseEntityExceptionHandler.java:169)
	at java.base/jdk.internal.reflect.NativeMethodAccessorImpl.invoke0(Native Method)
	at java.base/jdk.internal.reflect.NativeMethodAccessorImpl.invoke(NativeMethodAccessorImpl.java:62)
	at java.base/jdk.internal.reflect.DelegatingMethodAccessorImpl.invoke(DelegatingMethodAccessorImpl.java:43)
	at java.base/java.lang.reflect.Method.invoke(Method.java:566)
	at org.springframework.web.method.support.InvocableHandlerMethod.doInvoke(InvocableHandlerMethod.java:190)
	at org.springframework.web.method.support.InvocableHandlerMethod.invokeForRequest(InvocableHandlerMethod.java:138)
	at org.springframework.web.servlet.mvc.method.annotation.ServletInvocableHandlerMethod.invokeAndHandle(ServletInvocableHandlerMethod.java:106)
	at org.springframework.web.servlet.mvc.method.annotation.ExceptionHandlerExceptionResolver.doResolveHandlerMethodException(ExceptionHandlerExceptionResolver.java:407)
	at org.springframework.web.servlet.handler.AbstractHandlerMethodExceptionResolver.doResolveException(AbstractHandlerMethodExceptionResolver.java:61)
	at org.springframework.web.servlet.handler.AbstractHandlerExceptionResolver.resolveException(AbstractHandlerExceptionResolver.java:141)
	at org.springframework.web.servlet.handler.HandlerExceptionResolverComposite.resolveException(HandlerExceptionResolverComposite.java:80)
	at org.springframework.web.servlet.DispatcherServlet.processHandlerException(DispatcherServlet.java:1300)
	at org.springframework.web.servlet.DispatcherServlet.processDispatchResult(DispatcherServlet.java:1111)
	at org.springframework.web.servlet.DispatcherServlet.doDispatch(DispatcherServlet.java:1057)
	at org.springframework.web.servlet.DispatcherServlet.doService(DispatcherServlet.java:943)
	at org.springframework.web.servlet.FrameworkServlet.processRequest(FrameworkServlet.java:1006)
	at org.springframework.web.servlet.FrameworkServlet.doPost(FrameworkServlet.java:909)
	at javax.servlet.http.HttpServlet.service(HttpServlet.java:660)
	at org.springframework.web.servlet.FrameworkServlet.service(FrameworkServlet.java:883)
	at javax.servlet.http.HttpServlet.service(HttpServlet.java:741)
	at org.apache.catalina.core.ApplicationFilterChain.internalDoFilter(ApplicationFilterChain.java:231)
	at org.apache.catalina.core.ApplicationFilterChain.doFilter(ApplicationFilterChain.java:166)
	at org.apache.tomcat.websocket.server.WsFilter.doFilter(WsFilter.java:53)
	at org.apache.catalina.core.ApplicationFilterChain.internalDoFilter(ApplicationFilterChain.java:193)
	at org.apache.catalina.core.ApplicationFilterChain.doFilter(ApplicationFilterChain.java:166)
	at org.springframework.web.filter.CorsFilter.doFilterInternal(CorsFilter.java:92)
	at org.springframework.web.filter.OncePerRequestFilter.doFilter(OncePerRequestFilter.java:119)
	at org.apache.catalina.core.ApplicationFilterChain.internalDoFilter(ApplicationFilterChain.java:193)
	at org.apache.catalina.core.ApplicationFilterChain.doFilter(ApplicationFilterChain.java:166)
	at org.springframework.security.web.FilterChainProxy$VirtualFilterChain.doFilter(FilterChainProxy.java:320)
	at org.springframework.security.web.access.intercept.FilterSecurityInterceptor.invoke(FilterSecurityInterceptor.java:126)
	at org.springframework.security.web.access.intercept.FilterSecurityInterceptor.doFilter(FilterSecurityInterceptor.java:90)
	at org.springframework.security.web.FilterChainProxy$VirtualFilterChain.doFilter(FilterChainProxy.java:334)
	at org.springframework.security.web.access.ExceptionTranslationFilter.doFilter(ExceptionTranslationFilter.java:118)
	at org.springframework.security.web.FilterChainProxy$VirtualFilterChain.doFilter(FilterChainProxy.java:334)
	at org.springframework.security.web.session.SessionManagementFilter.doFilter(SessionManagementFilter.java:137)
	at org.springframework.security.web.FilterChainProxy$VirtualFilterChain.doFilter(FilterChainProxy.java:334)
	at org.springframework.security.web.authentication.AnonymousAuthenticationFilter.doFilter(AnonymousAuthenticationFilter.java:111)
	at org.springframework.security.web.FilterChainProxy$VirtualFilterChain.doFilter(FilterChainProxy.java:334)
	at org.springframework.security.web.servletapi.SecurityContextHolderAwareRequestFilter.doFilter(SecurityContextHolderAwareRequestFilter.java:158)
	at org.springframework.security.web.FilterChainProxy$VirtualFilterChain.doFilter(FilterChainProxy.java:334)
	at org.springframework.security.web.savedrequest.RequestCacheAwareFilter.doFilter(RequestCacheAwareFilter.java:63)
	at org.springframework.security.web.FilterChainProxy$VirtualFilterChain.doFilter(FilterChainProxy.java:334)
	at com.wiltech.security.jwt.JwtTokenFilter.doFilter(JwtTokenFilter.java:54)
	at org.springframework.security.web.FilterChainProxy$VirtualFilterChain.doFilter(FilterChainProxy.java:334)
	at org.springframework.security.web.authentication.logout.LogoutFilter.doFilter(LogoutFilter.java:116)
	at org.springframework.security.web.FilterChainProxy$VirtualFilterChain.doFilter(FilterChainProxy.java:334)
	at org.springframework.security.web.header.HeaderWriterFilter.doHeadersAfter(HeaderWriterFilter.java:92)
	at org.springframework.security.web.header.HeaderWriterFilter.doFilterInternal(HeaderWriterFilter.java:77)
	at org.springframework.web.filter.OncePerRequestFilter.doFilter(OncePerRequestFilter.java:119)
	at org.springframework.security.web.FilterChainProxy$VirtualFilterChain.doFilter(FilterChainProxy.java:334)
	at org.springframework.security.web.context.SecurityContextPersistenceFilter.doFilter(SecurityContextPersistenceFilter.java:105)
	at org.springframework.security.web.FilterChainProxy$VirtualFilterChain.doFilter(FilterChainProxy.java:334)
	at org.springframework.security.web.context.request.async.WebAsyncManagerIntegrationFilter.doFilterInternal(WebAsyncManagerIntegrationFilter.java:56)
	at org.springframework.web.filter.OncePerRequestFilter.doFilter(OncePerRequestFilter.java:119)
	at org.springframework.security.web.FilterChainProxy$VirtualFilterChain.doFilter(FilterChainProxy.java:334)
	at org.springframework.security.web.FilterChainProxy.doFilterInternal(FilterChainProxy.java:215)
	at org.springframework.security.web.FilterChainProxy.doFilter(FilterChainProxy.java:178)
	at org.springframework.web.filter.DelegatingFilterProxy.invokeDelegate(DelegatingFilterProxy.java:358)
	at org.springframework.web.filter.DelegatingFilterProxy.doFilter(DelegatingFilterProxy.java:271)
	at org.apache.catalina.core.ApplicationFilterChain.internalDoFilter(ApplicationFilterChain.java:193)
	at org.apache.catalina.core.ApplicationFilterChain.doFilter(ApplicationFilterChain.java:166)
	at org.springframework.web.filter.RequestContextFilter.doFilterInternal(RequestContextFilter.java:100)
	at org.springframework.web.filter.OncePerRequestFilter.doFilter(OncePerRequestFilter.java:119)
	at org.apache.catalina.core.ApplicationFilterChain.internalDoFilter(ApplicationFilterChain.java:193)
	at org.apache.catalina.core.ApplicationFilterChain.doFilter(ApplicationFilterChain.java:166)
	at org.springframework.web.filter.FormContentFilter.doFilterInternal(FormContentFilter.java:93)
	at org.springframework.web.filter.OncePerRequestFilter.doFilter(OncePerRequestFilter.java:119)
	at org.apache.catalina.core.ApplicationFilterChain.internalDoFilter(ApplicationFilterChain.java:193)
	at org.apache.catalina.core.ApplicationFilterChain.doFilter(ApplicationFilterChain.java:166)
	at org.springframework.web.filter.CharacterEncodingFilter.doFilterInternal(CharacterEncodingFilter.java:201)
	at org.springframework.web.filter.OncePerRequestFilter.doFilter(OncePerRequestFilter.java:119)
	at org.apache.catalina.core.ApplicationFilterChain.internalDoFilter(ApplicationFilterChain.java:193)
	at org.apache.catalina.core.ApplicationFilterChain.doFilter(ApplicationFilterChain.java:166)
	at org.apache.catalina.core.StandardWrapperValve.invoke(StandardWrapperValve.java:202)
	at org.apache.catalina.core.StandardContextValve.invoke(StandardContextValve.java:96)
	at org.apache.catalina.authenticator.AuthenticatorBase.invoke(AuthenticatorBase.java:541)
	at org.apache.catalina.core.StandardHostValve.invoke(StandardHostValve.java:139)
	at org.apache.catalina.valves.ErrorReportValve.invoke(ErrorReportValve.java:92)
	at org.apache.catalina.core.StandardEngineValve.invoke(StandardEngineValve.java:74)
	at org.apache.catalina.connector.CoyoteAdapter.service(CoyoteAdapter.java:343)
	at org.apache.coyote.http11.Http11Processor.service(Http11Processor.java:367)
	at org.apache.coyote.AbstractProcessorLight.process(AbstractProcessorLight.java:65)
	at org.apache.coyote.AbstractProtocol$ConnectionHandler.process(AbstractProtocol.java:868)
	at org.apache.tomcat.util.net.NioEndpoint$SocketProcessor.doRun(NioEndpoint.java:1639)
	at org.apache.tomcat.util.net.SocketProcessorBase.run(SocketProcessorBase.java:49)
	at java.base/java.util.concurrent.ThreadPoolExecutor.runWorker(ThreadPoolExecutor.java:1128)
	at java.base/java.util.concurrent.ThreadPoolExecutor$Worker.run(ThreadPoolExecutor.java:628)
	at org.apache.tomcat.util.threads.TaskThread$WrappingRunnable.run(TaskThread.java:61)
	at java.base/java.lang.Thread.run(Thread.java:834)
2022-04-06 21:08:09.576  WARN 9764 [http-nio-5001-exec-1] --- .w.s.m.s.DefaultHandlerExceptionResolver : Resolved [org.springframework.web.bind.MethodArgumentNotValidException: Validation failed for argument [0] in public org.springframework.http.ResponseEntity<com.wiltech.users.UserResource> com.wiltech.users.UserRestService.create(com.wiltech.users.UserResource): [Error in object 'userResource': codes [ValidateUniqueEmail.userResource,ValidateUniqueEmail]; arguments [org.springframework.context.support.DefaultMessageSourceResolvable: codes [userResource.,]; arguments []; default message []]; default message [The username provided is already taken]] ]
2022-04-06 21:08:22.350  INFO 9764 [http-nio-5001-exec-5] --- c.w.p.e.handler.UserCreatedEventHandler  : handling user created
2022-04-06 21:08:22.352  INFO 9764 [http-nio-5001-exec-5] --- .e.h.UserCreatedEmailMessageEventHandler : Sending confirmation email when handling user created
2022-04-06 21:08:23.833  INFO 9764 [http-nio-5001-exec-5] --- com.wiltech.libraries.mails.MailService  : Activation email sent!!
2022-04-06 21:08:51.848  INFO 9764 [http-nio-5001-exec-6] --- c.w.p.e.handler.UserCreatedEventHandler  : handling user created
2022-04-06 21:08:51.849  INFO 9764 [http-nio-5001-exec-6] --- .e.h.UserCreatedEmailMessageEventHandler : Sending confirmation email when handling user created
2022-04-06 21:08:53.397  INFO 9764 [http-nio-5001-exec-6] --- com.wiltech.libraries.mails.MailService  : Activation email sent!!
2022-04-06 21:59:28.367  INFO 9764 [SpringContextShutdownHook] --- o.s.s.concurrent.ThreadPoolTaskExecutor  : Shutting down ExecutorService 'applicationTaskExecutor'
2022-04-06 21:59:28.367  INFO 9764 [SpringContextShutdownHook] --- j.LocalContainerEntityManagerFactoryBean : Closing JPA EntityManagerFactory for persistence unit 'default'
2022-04-06 21:59:28.382  INFO 9764 [SpringContextShutdownHook] --- com.zaxxer.hikari.HikariDataSource       : HikariPool-1 - Shutdown initiated...
2022-04-06 21:59:28.382  INFO 9764 [SpringContextShutdownHook] --- com.zaxxer.hikari.HikariDataSource       : HikariPool-1 - Shutdown completed.
2022-04-06 22:00:28.147  INFO 13224 [main] --- com.wiltech.StaffManagementApplication   : Starting StaffManagementApplication on DESKTOP-2EIBMTU with PID 13224 (C:\DEV\GIT\WILTECH\StaffManagementMonolith\staffManagementAPI\target\classes started by wilia in C:\DEV\GIT\WILTECH\StaffManagementMonolith\staffManagementAPI)
2022-04-06 22:00:28.147  INFO 13224 [main] --- com.wiltech.StaffManagementApplication   : No active profile set, falling back to default profiles: default
2022-04-06 22:00:28.959  INFO 13224 [main] --- .s.d.r.c.RepositoryConfigurationDelegate : Bootstrapping Spring Data JPA repositories in DEFAULT mode.
2022-04-06 22:00:29.069  INFO 13224 [main] --- .s.d.r.c.RepositoryConfigurationDelegate : Finished Spring Data repository scanning in 100ms. Found 4 JPA repository interfaces.
2022-04-06 22:00:29.444  INFO 13224 [main] --- trationDelegate$BeanPostProcessorChecker : Bean 'org.springframework.security.config.annotation.configuration.ObjectPostProcessorConfiguration' of type [org.springframework.security.config.annotation.configuration.ObjectPostProcessorConfiguration] is not eligible for getting processed by all BeanPostProcessors (for example: not eligible for auto-proxying)
2022-04-06 22:00:29.444  INFO 13224 [main] --- trationDelegate$BeanPostProcessorChecker : Bean 'objectPostProcessor' of type [org.springframework.security.config.annotation.configuration.AutowireBeanFactoryObjectPostProcessor] is not eligible for getting processed by all BeanPostProcessors (for example: not eligible for auto-proxying)
2022-04-06 22:00:29.444  INFO 13224 [main] --- trationDelegate$BeanPostProcessorChecker : Bean 'org.springframework.security.access.expression.method.DefaultMethodSecurityExpressionHandler@57545c3f' of type [org.springframework.security.access.expression.method.DefaultMethodSecurityExpressionHandler] is not eligible for getting processed by all BeanPostProcessors (for example: not eligible for auto-proxying)
2022-04-06 22:00:29.444  INFO 13224 [main] --- trationDelegate$BeanPostProcessorChecker : Bean 'methodSecurityConfig' of type [com.wiltech.config.MethodSecurityConfig$$EnhancerBySpringCGLIB$$458d445d] is not eligible for getting processed by all BeanPostProcessors (for example: not eligible for auto-proxying)
2022-04-06 22:00:29.459  INFO 13224 [main] --- trationDelegate$BeanPostProcessorChecker : Bean 'org.springframework.security.config.annotation.method.configuration.Jsr250MetadataSourceConfiguration' of type [org.springframework.security.config.annotation.method.configuration.Jsr250MetadataSourceConfiguration] is not eligible for getting processed by all BeanPostProcessors (for example: not eligible for auto-proxying)
2022-04-06 22:00:29.459  INFO 13224 [main] --- trationDelegate$BeanPostProcessorChecker : Bean 'jsr250MethodSecurityMetadataSource' of type [org.springframework.security.access.annotation.Jsr250MethodSecurityMetadataSource] is not eligible for getting processed by all BeanPostProcessors (for example: not eligible for auto-proxying)
2022-04-06 22:00:29.459  INFO 13224 [main] --- trationDelegate$BeanPostProcessorChecker : Bean 'methodSecurityMetadataSource' of type [org.springframework.security.access.method.DelegatingMethodSecurityMetadataSource] is not eligible for getting processed by all BeanPostProcessors (for example: not eligible for auto-proxying)
2022-04-06 22:00:29.694  INFO 13224 [main] --- o.s.b.w.embedded.tomcat.TomcatWebServer  : Tomcat initialized with port(s): 5001 (http)
2022-04-06 22:00:29.709  INFO 13224 [main] --- o.a.coyote.http11.Http11NioProtocol      : Initializing ProtocolHandler ["http-nio-5001"]
2022-04-06 22:00:29.709  INFO 13224 [main] --- o.apache.catalina.core.StandardService   : Starting service [Tomcat]
2022-04-06 22:00:29.709  INFO 13224 [main] --- org.apache.catalina.core.StandardEngine  : Starting Servlet engine: [Apache Tomcat/9.0.31]
2022-04-06 22:00:29.819  INFO 13224 [main] --- o.a.c.c.C.[Tomcat].[localhost].[/api]    : Initializing Spring embedded WebApplicationContext
2022-04-06 22:00:29.819  INFO 13224 [main] --- o.s.web.context.ContextLoader            : Root WebApplicationContext: initialization completed in 1625 ms
2022-04-06 22:00:29.881  INFO 13224 [main] --- com.zaxxer.hikari.HikariDataSource       : HikariPool-1 - Starting...
2022-04-06 22:00:29.975  INFO 13224 [main] --- com.zaxxer.hikari.HikariDataSource       : HikariPool-1 - Start completed.
2022-04-06 22:00:29.975  INFO 13224 [main] --- o.s.b.a.h2.H2ConsoleAutoConfiguration    : H2 console available at '/h2-console'. Database available at 'jdbc:h2:mem:database'
2022-04-06 22:00:30.084  INFO 13224 [main] --- o.f.c.internal.license.VersionPrinter    : Flyway Community Edition 6.0.8 by Redgate
2022-04-06 22:00:30.100  INFO 13224 [main] --- o.f.c.internal.database.DatabaseFactory  : Database: jdbc:h2:mem:database (H2 1.4)
2022-04-06 22:00:30.116  WARN 13224 [main] --- o.f.c.internal.database.base.Database    : Flyway upgrade recommended: H2 1.4.200 is newer than this version of Flyway and support has not been tested. The latest supported version of H2 is 1.4.199.
2022-04-06 22:00:30.147  INFO 13224 [main] --- o.f.core.internal.command.DbValidate     : Successfully validated 2 migrations (execution time 00:00.027s)
2022-04-06 22:00:30.163  INFO 13224 [main] --- o.f.c.i.s.JdbcTableSchemaHistory         : Creating Schema History table "PUBLIC"."flyway_schema_history" ...
2022-04-06 22:00:30.209  INFO 13224 [main] --- o.f.core.internal.command.DbMigrate      : Current version of schema "PUBLIC": << Empty Schema >>
2022-04-06 22:00:30.225  INFO 13224 [main] --- o.f.core.internal.command.DbMigrate      : Migrating schema "PUBLIC" to version 1.001 - CreateTables
2022-04-06 22:00:30.256  INFO 13224 [main] --- o.f.core.internal.command.DbMigrate      : Migrating schema "PUBLIC" to version 1.002 - Inserts
2022-04-06 22:00:30.272  INFO 13224 [main] --- o.f.core.internal.command.DbMigrate      : Successfully applied 2 migrations to schema "PUBLIC" (execution time 00:00.068s)
2022-04-06 22:00:30.366  INFO 13224 [main] --- o.hibernate.jpa.internal.util.LogHelper  : HHH000204: Processing PersistenceUnitInfo [name: default]
2022-04-06 22:00:30.428  INFO 13224 [main] --- org.hibernate.Version                    : HHH000412: Hibernate ORM core version 5.4.12.Final
2022-04-06 22:00:30.553  INFO 13224 [main] --- o.hibernate.annotations.common.Version   : HCANN000001: Hibernate Commons Annotations {5.1.0.Final}
2022-04-06 22:00:30.663  INFO 13224 [main] --- org.hibernate.dialect.Dialect            : HHH000400: Using dialect: org.hibernate.dialect.H2Dialect
2022-04-06 22:00:31.319  INFO 13224 [main] --- o.h.e.t.j.p.i.JtaPlatformInitiator       : HHH000490: Using JtaPlatform implementation: [org.hibernate.engine.transaction.jta.platform.internal.NoJtaPlatform]
2022-04-06 22:00:31.381  INFO 13224 [main] --- j.LocalContainerEntityManagerFactoryBean : Initialized JPA EntityManagerFactory for persistence unit 'default'
2022-04-06 22:00:31.460  WARN 13224 [main] --- JpaBaseConfiguration$JpaWebConfiguration : spring.jpa.open-in-view is enabled by default. Therefore, database queries may be performed during view rendering. Explicitly configure spring.jpa.open-in-view to disable this warning
2022-04-06 22:00:32.272  INFO 13224 [main] --- o.s.s.web.DefaultSecurityFilterChain     : Creating filter chain: any request, [org.springframework.security.web.context.request.async.WebAsyncManagerIntegrationFilter@1e2bc241, org.springframework.security.web.context.SecurityContextPersistenceFilter@9ba167e, org.springframework.security.web.header.HeaderWriterFilter@41c83af0, org.springframework.security.web.authentication.logout.LogoutFilter@56f19f36, com.wiltech.security.jwt.JwtTokenFilter@543196f9, org.springframework.security.web.savedrequest.RequestCacheAwareFilter@147aceec, org.springframework.security.web.servletapi.SecurityContextHolderAwareRequestFilter@5cff6d1d, org.springframework.security.web.authentication.AnonymousAuthenticationFilter@4d7fba20, org.springframework.security.web.session.SessionManagementFilter@66acaa54, org.springframework.security.web.access.ExceptionTranslationFilter@594fcb22, org.springframework.security.web.access.intercept.FilterSecurityInterceptor@2267b0bb]
2022-04-06 22:00:32.413  INFO 13224 [main] --- o.s.s.concurrent.ThreadPoolTaskExecutor  : Initializing ExecutorService 'applicationTaskExecutor'
2022-04-06 22:00:32.772  INFO 13224 [main] --- o.a.coyote.http11.Http11NioProtocol      : Starting ProtocolHandler ["http-nio-5001"]
2022-04-06 22:00:32.788  INFO 13224 [main] --- o.s.b.w.embedded.tomcat.TomcatWebServer  : Tomcat started on port(s): 5001 (http) with context path '/api'
2022-04-06 22:00:32.788  INFO 13224 [main] --- com.wiltech.StaffManagementApplication   : Started StaffManagementApplication in 5.2 seconds (JVM running for 6.364)
2022-04-06 22:03:04.291  INFO 13224 [http-nio-5001-exec-1] --- o.a.c.c.C.[Tomcat].[localhost].[/api]    : Initializing Spring DispatcherServlet 'dispatcherServlet'
2022-04-06 22:03:04.292  INFO 13224 [http-nio-5001-exec-1] --- o.s.web.servlet.DispatcherServlet        : Initializing Servlet 'dispatcherServlet'
2022-04-06 22:03:04.303  INFO 13224 [http-nio-5001-exec-1] --- o.s.web.servlet.DispatcherServlet        : Completed initialization in 10 ms
2022-04-06 22:05:14.041  INFO 13224 [SpringContextShutdownHook] --- o.s.s.concurrent.ThreadPoolTaskExecutor  : Shutting down ExecutorService 'applicationTaskExecutor'
2022-04-06 22:05:14.041  INFO 13224 [SpringContextShutdownHook] --- j.LocalContainerEntityManagerFactoryBean : Closing JPA EntityManagerFactory for persistence unit 'default'
2022-04-06 22:05:14.041  INFO 13224 [SpringContextShutdownHook] --- com.zaxxer.hikari.HikariDataSource       : HikariPool-1 - Shutdown initiated...
2022-04-06 22:05:14.057  INFO 13224 [SpringContextShutdownHook] --- com.zaxxer.hikari.HikariDataSource       : HikariPool-1 - Shutdown completed.
2022-04-06 22:05:21.123  INFO 11492 [main] --- com.wiltech.StaffManagementApplication   : Starting StaffManagementApplication on DESKTOP-2EIBMTU with PID 11492 (C:\DEV\GIT\WILTECH\StaffManagementMonolith\staffManagementAPI\target\classes started by wilia in C:\DEV\GIT\WILTECH\StaffManagementMonolith\staffManagementAPI)
2022-04-06 22:05:21.123  INFO 11492 [main] --- com.wiltech.StaffManagementApplication   : No active profile set, falling back to default profiles: default
2022-04-06 22:05:21.967  INFO 11492 [main] --- .s.d.r.c.RepositoryConfigurationDelegate : Bootstrapping Spring Data JPA repositories in DEFAULT mode.
2022-04-06 22:05:22.076  INFO 11492 [main] --- .s.d.r.c.RepositoryConfigurationDelegate : Finished Spring Data repository scanning in 102ms. Found 4 JPA repository interfaces.
2022-04-06 22:05:22.451  INFO 11492 [main] --- trationDelegate$BeanPostProcessorChecker : Bean 'org.springframework.security.config.annotation.configuration.ObjectPostProcessorConfiguration' of type [org.springframework.security.config.annotation.configuration.ObjectPostProcessorConfiguration] is not eligible for getting processed by all BeanPostProcessors (for example: not eligible for auto-proxying)
2022-04-06 22:05:22.451  INFO 11492 [main] --- trationDelegate$BeanPostProcessorChecker : Bean 'objectPostProcessor' of type [org.springframework.security.config.annotation.configuration.AutowireBeanFactoryObjectPostProcessor] is not eligible for getting processed by all BeanPostProcessors (for example: not eligible for auto-proxying)
2022-04-06 22:05:22.451  INFO 11492 [main] --- trationDelegate$BeanPostProcessorChecker : Bean 'org.springframework.security.access.expression.method.DefaultMethodSecurityExpressionHandler@5377414a' of type [org.springframework.security.access.expression.method.DefaultMethodSecurityExpressionHandler] is not eligible for getting processed by all BeanPostProcessors (for example: not eligible for auto-proxying)
2022-04-06 22:05:22.451  INFO 11492 [main] --- trationDelegate$BeanPostProcessorChecker : Bean 'methodSecurityConfig' of type [com.wiltech.config.MethodSecurityConfig$$EnhancerBySpringCGLIB$$5f3e74a] is not eligible for getting processed by all BeanPostProcessors (for example: not eligible for auto-proxying)
2022-04-06 22:05:22.467  INFO 11492 [main] --- trationDelegate$BeanPostProcessorChecker : Bean 'org.springframework.security.config.annotation.method.configuration.Jsr250MetadataSourceConfiguration' of type [org.springframework.security.config.annotation.method.configuration.Jsr250MetadataSourceConfiguration] is not eligible for getting processed by all BeanPostProcessors (for example: not eligible for auto-proxying)
2022-04-06 22:05:22.467  INFO 11492 [main] --- trationDelegate$BeanPostProcessorChecker : Bean 'jsr250MethodSecurityMetadataSource' of type [org.springframework.security.access.annotation.Jsr250MethodSecurityMetadataSource] is not eligible for getting processed by all BeanPostProcessors (for example: not eligible for auto-proxying)
2022-04-06 22:05:22.467  INFO 11492 [main] --- trationDelegate$BeanPostProcessorChecker : Bean 'methodSecurityMetadataSource' of type [org.springframework.security.access.method.DelegatingMethodSecurityMetadataSource] is not eligible for getting processed by all BeanPostProcessors (for example: not eligible for auto-proxying)
2022-04-06 22:05:22.733  INFO 11492 [main] --- o.s.b.w.embedded.tomcat.TomcatWebServer  : Tomcat initialized with port(s): 5001 (http)
2022-04-06 22:05:22.733  INFO 11492 [main] --- o.a.coyote.http11.Http11NioProtocol      : Initializing ProtocolHandler ["http-nio-5001"]
2022-04-06 22:05:22.733  INFO 11492 [main] --- o.apache.catalina.core.StandardService   : Starting service [Tomcat]
2022-04-06 22:05:22.733  INFO 11492 [main] --- org.apache.catalina.core.StandardEngine  : Starting Servlet engine: [Apache Tomcat/9.0.31]
2022-04-06 22:05:22.904  INFO 11492 [main] --- o.a.c.c.C.[Tomcat].[localhost].[/api]    : Initializing Spring embedded WebApplicationContext
2022-04-06 22:05:22.904  INFO 11492 [main] --- o.s.web.context.ContextLoader            : Root WebApplicationContext: initialization completed in 1734 ms
2022-04-06 22:05:22.951  INFO 11492 [main] --- com.zaxxer.hikari.HikariDataSource       : HikariPool-1 - Starting...
2022-04-06 22:05:23.045  INFO 11492 [main] --- com.zaxxer.hikari.HikariDataSource       : HikariPool-1 - Start completed.
2022-04-06 22:05:23.045  INFO 11492 [main] --- o.s.b.a.h2.H2ConsoleAutoConfiguration    : H2 console available at '/h2-console'. Database available at 'jdbc:h2:mem:database'
2022-04-06 22:05:23.154  INFO 11492 [main] --- o.f.c.internal.license.VersionPrinter    : Flyway Community Edition 6.0.8 by Redgate
2022-04-06 22:05:23.170  INFO 11492 [main] --- o.f.c.internal.database.DatabaseFactory  : Database: jdbc:h2:mem:database (H2 1.4)
2022-04-06 22:05:23.202  WARN 11492 [main] --- o.f.c.internal.database.base.Database    : Flyway upgrade recommended: H2 1.4.200 is newer than this version of Flyway and support has not been tested. The latest supported version of H2 is 1.4.199.
2022-04-06 22:05:23.233  INFO 11492 [main] --- o.f.core.internal.command.DbValidate     : Successfully validated 2 migrations (execution time 00:00.025s)
2022-04-06 22:05:23.248  INFO 11492 [main] --- o.f.c.i.s.JdbcTableSchemaHistory         : Creating Schema History table "PUBLIC"."flyway_schema_history" ...
2022-04-06 22:05:23.280  INFO 11492 [main] --- o.f.core.internal.command.DbMigrate      : Current version of schema "PUBLIC": << Empty Schema >>
2022-04-06 22:05:23.295  INFO 11492 [main] --- o.f.core.internal.command.DbMigrate      : Migrating schema "PUBLIC" to version 1.001 - CreateTables
2022-04-06 22:05:23.326  INFO 11492 [main] --- o.f.core.internal.command.DbMigrate      : Migrating schema "PUBLIC" to version 1.002 - Inserts
2022-04-06 22:05:23.342  INFO 11492 [main] --- o.f.core.internal.command.DbMigrate      : Successfully applied 2 migrations to schema "PUBLIC" (execution time 00:00.064s)
2022-04-06 22:05:23.436  INFO 11492 [main] --- o.hibernate.jpa.internal.util.LogHelper  : HHH000204: Processing PersistenceUnitInfo [name: default]
2022-04-06 22:05:23.498  INFO 11492 [main] --- org.hibernate.Version                    : HHH000412: Hibernate ORM core version 5.4.12.Final
2022-04-06 22:05:23.623  INFO 11492 [main] --- o.hibernate.annotations.common.Version   : HCANN000001: Hibernate Commons Annotations {5.1.0.Final}
2022-04-06 22:05:23.764  INFO 11492 [main] --- org.hibernate.dialect.Dialect            : HHH000400: Using dialect: org.hibernate.dialect.H2Dialect
2022-04-06 22:05:24.390  INFO 11492 [main] --- o.h.e.t.j.p.i.JtaPlatformInitiator       : HHH000490: Using JtaPlatform implementation: [org.hibernate.engine.transaction.jta.platform.internal.NoJtaPlatform]
2022-04-06 22:05:24.484  INFO 11492 [main] --- j.LocalContainerEntityManagerFactoryBean : Initialized JPA EntityManagerFactory for persistence unit 'default'
2022-04-06 22:05:24.578  WARN 11492 [main] --- JpaBaseConfiguration$JpaWebConfiguration : spring.jpa.open-in-view is enabled by default. Therefore, database queries may be performed during view rendering. Explicitly configure spring.jpa.open-in-view to disable this warning
2022-04-06 22:05:25.344  INFO 11492 [main] --- o.s.s.web.DefaultSecurityFilterChain     : Creating filter chain: any request, [org.springframework.security.web.context.request.async.WebAsyncManagerIntegrationFilter@33502cfe, org.springframework.security.web.context.SecurityContextPersistenceFilter@2faae7f6, org.springframework.security.web.header.HeaderWriterFilter@16c1345b, org.springframework.security.web.authentication.logout.LogoutFilter@789f5552, com.wiltech.security.jwt.JwtTokenFilter@729d1428, org.springframework.security.web.savedrequest.RequestCacheAwareFilter@1443539, org.springframework.security.web.servletapi.SecurityContextHolderAwareRequestFilter@3cf7433e, org.springframework.security.web.authentication.AnonymousAuthenticationFilter@115924ba, org.springframework.security.web.session.SessionManagementFilter@61c0fb12, org.springframework.security.web.access.ExceptionTranslationFilter@36c1b6ff, org.springframework.security.web.access.intercept.FilterSecurityInterceptor@518b0c12]
2022-04-06 22:05:25.469  INFO 11492 [main] --- o.s.s.concurrent.ThreadPoolTaskExecutor  : Initializing ExecutorService 'applicationTaskExecutor'
2022-04-06 22:05:25.781  INFO 11492 [main] --- o.a.coyote.http11.Http11NioProtocol      : Starting ProtocolHandler ["http-nio-5001"]
2022-04-06 22:05:25.812  INFO 11492 [main] --- o.s.b.w.embedded.tomcat.TomcatWebServer  : Tomcat started on port(s): 5001 (http) with context path '/api'
2022-04-06 22:05:25.812  INFO 11492 [main] --- com.wiltech.StaffManagementApplication   : Started StaffManagementApplication in 5.248 seconds (JVM running for 6.316)
2022-04-06 22:05:50.984  INFO 11492 [http-nio-5001-exec-1] --- o.a.c.c.C.[Tomcat].[localhost].[/api]    : Initializing Spring DispatcherServlet 'dispatcherServlet'
2022-04-06 22:05:50.985  INFO 11492 [http-nio-5001-exec-1] --- o.s.web.servlet.DispatcherServlet        : Initializing Servlet 'dispatcherServlet'
2022-04-06 22:05:50.998  INFO 11492 [http-nio-5001-exec-1] --- o.s.web.servlet.DispatcherServlet        : Completed initialization in 13 ms
2022-04-06 22:07:55.495  INFO 11492 [SpringContextShutdownHook] --- o.s.s.concurrent.ThreadPoolTaskExecutor  : Shutting down ExecutorService 'applicationTaskExecutor'
2022-04-06 22:07:55.510  INFO 11492 [SpringContextShutdownHook] --- j.LocalContainerEntityManagerFactoryBean : Closing JPA EntityManagerFactory for persistence unit 'default'
2022-04-06 22:07:55.526  INFO 11492 [SpringContextShutdownHook] --- com.zaxxer.hikari.HikariDataSource       : HikariPool-1 - Shutdown initiated...
2022-04-06 22:07:55.542  INFO 11492 [SpringContextShutdownHook] --- com.zaxxer.hikari.HikariDataSource       : HikariPool-1 - Shutdown completed.
2022-04-06 22:07:59.820  INFO 4696 [main] --- com.wiltech.StaffManagementApplication   : Starting StaffManagementApplication on DESKTOP-2EIBMTU with PID 4696 (C:\DEV\GIT\WILTECH\StaffManagementMonolith\staffManagementAPI\target\classes started by wilia in C:\DEV\GIT\WILTECH\StaffManagementMonolith\staffManagementAPI)
2022-04-06 22:07:59.835  INFO 4696 [main] --- com.wiltech.StaffManagementApplication   : No active profile set, falling back to default profiles: default
2022-04-06 22:08:00.648  INFO 4696 [main] --- .s.d.r.c.RepositoryConfigurationDelegate : Bootstrapping Spring Data JPA repositories in DEFAULT mode.
2022-04-06 22:08:00.757  INFO 4696 [main] --- .s.d.r.c.RepositoryConfigurationDelegate : Finished Spring Data repository scanning in 97ms. Found 4 JPA repository interfaces.
2022-04-06 22:08:01.132  INFO 4696 [main] --- trationDelegate$BeanPostProcessorChecker : Bean 'org.springframework.security.config.annotation.configuration.ObjectPostProcessorConfiguration' of type [org.springframework.security.config.annotation.configuration.ObjectPostProcessorConfiguration] is not eligible for getting processed by all BeanPostProcessors (for example: not eligible for auto-proxying)
2022-04-06 22:08:01.132  INFO 4696 [main] --- trationDelegate$BeanPostProcessorChecker : Bean 'objectPostProcessor' of type [org.springframework.security.config.annotation.configuration.AutowireBeanFactoryObjectPostProcessor] is not eligible for getting processed by all BeanPostProcessors (for example: not eligible for auto-proxying)
2022-04-06 22:08:01.132  INFO 4696 [main] --- trationDelegate$BeanPostProcessorChecker : Bean 'org.springframework.security.access.expression.method.DefaultMethodSecurityExpressionHandler@3fb9a67f' of type [org.springframework.security.access.expression.method.DefaultMethodSecurityExpressionHandler] is not eligible for getting processed by all BeanPostProcessors (for example: not eligible for auto-proxying)
2022-04-06 22:08:01.132  INFO 4696 [main] --- trationDelegate$BeanPostProcessorChecker : Bean 'methodSecurityConfig' of type [com.wiltech.config.MethodSecurityConfig$$EnhancerBySpringCGLIB$$8e96d7d6] is not eligible for getting processed by all BeanPostProcessors (for example: not eligible for auto-proxying)
2022-04-06 22:08:01.148  INFO 4696 [main] --- trationDelegate$BeanPostProcessorChecker : Bean 'org.springframework.security.config.annotation.method.configuration.Jsr250MetadataSourceConfiguration' of type [org.springframework.security.config.annotation.method.configuration.Jsr250MetadataSourceConfiguration] is not eligible for getting processed by all BeanPostProcessors (for example: not eligible for auto-proxying)
2022-04-06 22:08:01.148  INFO 4696 [main] --- trationDelegate$BeanPostProcessorChecker : Bean 'jsr250MethodSecurityMetadataSource' of type [org.springframework.security.access.annotation.Jsr250MethodSecurityMetadataSource] is not eligible for getting processed by all BeanPostProcessors (for example: not eligible for auto-proxying)
2022-04-06 22:08:01.148  INFO 4696 [main] --- trationDelegate$BeanPostProcessorChecker : Bean 'methodSecurityMetadataSource' of type [org.springframework.security.access.method.DelegatingMethodSecurityMetadataSource] is not eligible for getting processed by all BeanPostProcessors (for example: not eligible for auto-proxying)
2022-04-06 22:08:01.382  INFO 4696 [main] --- o.s.b.w.embedded.tomcat.TomcatWebServer  : Tomcat initialized with port(s): 5001 (http)
2022-04-06 22:08:01.382  INFO 4696 [main] --- o.a.coyote.http11.Http11NioProtocol      : Initializing ProtocolHandler ["http-nio-5001"]
2022-04-06 22:08:01.382  INFO 4696 [main] --- o.apache.catalina.core.StandardService   : Starting service [Tomcat]
2022-04-06 22:08:01.382  INFO 4696 [main] --- org.apache.catalina.core.StandardEngine  : Starting Servlet engine: [Apache Tomcat/9.0.31]
2022-04-06 22:08:01.507  INFO 4696 [main] --- o.a.c.c.C.[Tomcat].[localhost].[/api]    : Initializing Spring embedded WebApplicationContext
2022-04-06 22:08:01.507  INFO 4696 [main] --- o.s.web.context.ContextLoader            : Root WebApplicationContext: initialization completed in 1625 ms
2022-04-06 22:08:01.554  INFO 4696 [main] --- com.zaxxer.hikari.HikariDataSource       : HikariPool-1 - Starting...
2022-04-06 22:08:01.632  INFO 4696 [main] --- com.zaxxer.hikari.HikariDataSource       : HikariPool-1 - Start completed.
2022-04-06 22:08:01.632  INFO 4696 [main] --- o.s.b.a.h2.H2ConsoleAutoConfiguration    : H2 console available at '/h2-console'. Database available at 'jdbc:h2:mem:database'
2022-04-06 22:08:01.742  INFO 4696 [main] --- o.f.c.internal.license.VersionPrinter    : Flyway Community Edition 6.0.8 by Redgate
2022-04-06 22:08:01.757  INFO 4696 [main] --- o.f.c.internal.database.DatabaseFactory  : Database: jdbc:h2:mem:database (H2 1.4)
2022-04-06 22:08:01.773  WARN 4696 [main] --- o.f.c.internal.database.base.Database    : Flyway upgrade recommended: H2 1.4.200 is newer than this version of Flyway and support has not been tested. The latest supported version of H2 is 1.4.199.
2022-04-06 22:08:01.804  INFO 4696 [main] --- o.f.core.internal.command.DbValidate     : Successfully validated 2 migrations (execution time 00:00.023s)
2022-04-06 22:08:01.820  INFO 4696 [main] --- o.f.c.i.s.JdbcTableSchemaHistory         : Creating Schema History table "PUBLIC"."flyway_schema_history" ...
2022-04-06 22:08:01.867  INFO 4696 [main] --- o.f.core.internal.command.DbMigrate      : Current version of schema "PUBLIC": << Empty Schema >>
2022-04-06 22:08:01.867  INFO 4696 [main] --- o.f.core.internal.command.DbMigrate      : Migrating schema "PUBLIC" to version 1.001 - CreateTables
2022-04-06 22:08:01.898  INFO 4696 [main] --- o.f.core.internal.command.DbMigrate      : Migrating schema "PUBLIC" to version 1.002 - Inserts
2022-04-06 22:08:01.914  INFO 4696 [main] --- o.f.core.internal.command.DbMigrate      : Successfully applied 2 migrations to schema "PUBLIC" (execution time 00:00.061s)
2022-04-06 22:08:02.007  INFO 4696 [main] --- o.hibernate.jpa.internal.util.LogHelper  : HHH000204: Processing PersistenceUnitInfo [name: default]
2022-04-06 22:08:02.070  INFO 4696 [main] --- org.hibernate.Version                    : HHH000412: Hibernate ORM core version 5.4.12.Final
2022-04-06 22:08:02.195  INFO 4696 [main] --- o.hibernate.annotations.common.Version   : HCANN000001: Hibernate Commons Annotations {5.1.0.Final}
2022-04-06 22:08:02.273  INFO 4696 [main] --- org.hibernate.dialect.Dialect            : HHH000400: Using dialect: org.hibernate.dialect.H2Dialect
2022-04-06 22:08:02.898  INFO 4696 [main] --- o.h.e.t.j.p.i.JtaPlatformInitiator       : HHH000490: Using JtaPlatform implementation: [org.hibernate.engine.transaction.jta.platform.internal.NoJtaPlatform]
2022-04-06 22:08:02.961  INFO 4696 [main] --- j.LocalContainerEntityManagerFactoryBean : Initialized JPA EntityManagerFactory for persistence unit 'default'
2022-04-06 22:08:03.039  WARN 4696 [main] --- JpaBaseConfiguration$JpaWebConfiguration : spring.jpa.open-in-view is enabled by default. Therefore, database queries may be performed during view rendering. Explicitly configure spring.jpa.open-in-view to disable this warning
2022-04-06 22:08:03.820  INFO 4696 [main] --- o.s.s.web.DefaultSecurityFilterChain     : Creating filter chain: any request, [org.springframework.security.web.context.request.async.WebAsyncManagerIntegrationFilter@5d8112e6, org.springframework.security.web.context.SecurityContextPersistenceFilter@d3b0397, org.springframework.security.web.header.HeaderWriterFilter@49bc1f6c, org.springframework.security.web.authentication.logout.LogoutFilter@3e563293, com.wiltech.security.jwt.JwtTokenFilter@20d92f1e, org.springframework.security.web.savedrequest.RequestCacheAwareFilter@52bcfd10, org.springframework.security.web.servletapi.SecurityContextHolderAwareRequestFilter@755a90a6, org.springframework.security.web.authentication.AnonymousAuthenticationFilter@3cf7433e, org.springframework.security.web.session.SessionManagementFilter@7657d29f, org.springframework.security.web.access.ExceptionTranslationFilter@6c92a59d, org.springframework.security.web.access.intercept.FilterSecurityInterceptor@56f19f36]
2022-04-06 22:08:03.961  INFO 4696 [main] --- o.s.s.concurrent.ThreadPoolTaskExecutor  : Initializing ExecutorService 'applicationTaskExecutor'
2022-04-06 22:08:04.258  INFO 4696 [main] --- o.a.coyote.http11.Http11NioProtocol      : Starting ProtocolHandler ["http-nio-5001"]
2022-04-06 22:08:04.273  INFO 4696 [main] --- o.s.b.w.embedded.tomcat.TomcatWebServer  : Tomcat started on port(s): 5001 (http) with context path '/api'
2022-04-06 22:08:04.289  INFO 4696 [main] --- com.wiltech.StaffManagementApplication   : Started StaffManagementApplication in 4.984 seconds (JVM running for 6.193)
2022-04-06 22:08:10.870  INFO 4696 [http-nio-5001-exec-2] --- o.a.c.c.C.[Tomcat].[localhost].[/api]    : Initializing Spring DispatcherServlet 'dispatcherServlet'
2022-04-06 22:08:10.872  INFO 4696 [http-nio-5001-exec-2] --- o.s.web.servlet.DispatcherServlet        : Initializing Servlet 'dispatcherServlet'
2022-04-06 22:08:10.884  INFO 4696 [http-nio-5001-exec-2] --- o.s.web.servlet.DispatcherServlet        : Completed initialization in 12 ms
2022-04-06 22:08:29.789  INFO 4696 [SpringContextShutdownHook] --- o.s.s.concurrent.ThreadPoolTaskExecutor  : Shutting down ExecutorService 'applicationTaskExecutor'
2022-04-06 22:08:29.789  INFO 4696 [SpringContextShutdownHook] --- j.LocalContainerEntityManagerFactoryBean : Closing JPA EntityManagerFactory for persistence unit 'default'
2022-04-06 22:08:29.789  INFO 4696 [SpringContextShutdownHook] --- com.zaxxer.hikari.HikariDataSource       : HikariPool-1 - Shutdown initiated...
2022-04-06 22:08:29.804  INFO 4696 [SpringContextShutdownHook] --- com.zaxxer.hikari.HikariDataSource       : HikariPool-1 - Shutdown completed.
2022-04-06 22:08:34.118  INFO 6120 [main] --- com.wiltech.StaffManagementApplication   : Starting StaffManagementApplication on DESKTOP-2EIBMTU with PID 6120 (C:\DEV\GIT\WILTECH\StaffManagementMonolith\staffManagementAPI\target\classes started by wilia in C:\DEV\GIT\WILTECH\StaffManagementMonolith\staffManagementAPI)
2022-04-06 22:08:34.134  INFO 6120 [main] --- com.wiltech.StaffManagementApplication   : No active profile set, falling back to default profiles: default
2022-04-06 22:08:34.915  INFO 6120 [main] --- .s.d.r.c.RepositoryConfigurationDelegate : Bootstrapping Spring Data JPA repositories in DEFAULT mode.
2022-04-06 22:08:35.025  INFO 6120 [main] --- .s.d.r.c.RepositoryConfigurationDelegate : Finished Spring Data repository scanning in 97ms. Found 4 JPA repository interfaces.
2022-04-06 22:08:35.402  INFO 6120 [main] --- trationDelegate$BeanPostProcessorChecker : Bean 'org.springframework.security.config.annotation.configuration.ObjectPostProcessorConfiguration' of type [org.springframework.security.config.annotation.configuration.ObjectPostProcessorConfiguration] is not eligible for getting processed by all BeanPostProcessors (for example: not eligible for auto-proxying)
2022-04-06 22:08:35.402  INFO 6120 [main] --- trationDelegate$BeanPostProcessorChecker : Bean 'objectPostProcessor' of type [org.springframework.security.config.annotation.configuration.AutowireBeanFactoryObjectPostProcessor] is not eligible for getting processed by all BeanPostProcessors (for example: not eligible for auto-proxying)
2022-04-06 22:08:35.402  INFO 6120 [main] --- trationDelegate$BeanPostProcessorChecker : Bean 'org.springframework.security.access.expression.method.DefaultMethodSecurityExpressionHandler@7978e022' of type [org.springframework.security.access.expression.method.DefaultMethodSecurityExpressionHandler] is not eligible for getting processed by all BeanPostProcessors (for example: not eligible for auto-proxying)
2022-04-06 22:08:35.402  INFO 6120 [main] --- trationDelegate$BeanPostProcessorChecker : Bean 'methodSecurityConfig' of type [com.wiltech.config.MethodSecurityConfig$$EnhancerBySpringCGLIB$$1b98adf8] is not eligible for getting processed by all BeanPostProcessors (for example: not eligible for auto-proxying)
2022-04-06 22:08:35.417  INFO 6120 [main] --- trationDelegate$BeanPostProcessorChecker : Bean 'org.springframework.security.config.annotation.method.configuration.Jsr250MetadataSourceConfiguration' of type [org.springframework.security.config.annotation.method.configuration.Jsr250MetadataSourceConfiguration] is not eligible for getting processed by all BeanPostProcessors (for example: not eligible for auto-proxying)
2022-04-06 22:08:35.417  INFO 6120 [main] --- trationDelegate$BeanPostProcessorChecker : Bean 'jsr250MethodSecurityMetadataSource' of type [org.springframework.security.access.annotation.Jsr250MethodSecurityMetadataSource] is not eligible for getting processed by all BeanPostProcessors (for example: not eligible for auto-proxying)
2022-04-06 22:08:35.417  INFO 6120 [main] --- trationDelegate$BeanPostProcessorChecker : Bean 'methodSecurityMetadataSource' of type [org.springframework.security.access.method.DelegatingMethodSecurityMetadataSource] is not eligible for getting processed by all BeanPostProcessors (for example: not eligible for auto-proxying)
2022-04-06 22:08:35.667  INFO 6120 [main] --- o.s.b.w.embedded.tomcat.TomcatWebServer  : Tomcat initialized with port(s): 5001 (http)
2022-04-06 22:08:35.667  INFO 6120 [main] --- o.a.coyote.http11.Http11NioProtocol      : Initializing ProtocolHandler ["http-nio-5001"]
2022-04-06 22:08:35.683  INFO 6120 [main] --- o.apache.catalina.core.StandardService   : Starting service [Tomcat]
2022-04-06 22:08:35.683  INFO 6120 [main] --- org.apache.catalina.core.StandardEngine  : Starting Servlet engine: [Apache Tomcat/9.0.31]
2022-04-06 22:08:35.792  INFO 6120 [main] --- o.a.c.c.C.[Tomcat].[localhost].[/api]    : Initializing Spring embedded WebApplicationContext
2022-04-06 22:08:35.792  INFO 6120 [main] --- o.s.web.context.ContextLoader            : Root WebApplicationContext: initialization completed in 1611 ms
2022-04-06 22:08:35.839  INFO 6120 [main] --- com.zaxxer.hikari.HikariDataSource       : HikariPool-1 - Starting...
2022-04-06 22:08:35.933  INFO 6120 [main] --- com.zaxxer.hikari.HikariDataSource       : HikariPool-1 - Start completed.
2022-04-06 22:08:35.948  INFO 6120 [main] --- o.s.b.a.h2.H2ConsoleAutoConfiguration    : H2 console available at '/h2-console'. Database available at 'jdbc:h2:mem:database'
2022-04-06 22:08:36.089  INFO 6120 [main] --- o.f.c.internal.license.VersionPrinter    : Flyway Community Edition 6.0.8 by Redgate
2022-04-06 22:08:36.089  INFO 6120 [main] --- o.f.c.internal.database.DatabaseFactory  : Database: jdbc:h2:mem:database (H2 1.4)
2022-04-06 22:08:36.105  WARN 6120 [main] --- o.f.c.internal.database.base.Database    : Flyway upgrade recommended: H2 1.4.200 is newer than this version of Flyway and support has not been tested. The latest supported version of H2 is 1.4.199.
2022-04-06 22:08:36.152  INFO 6120 [main] --- o.f.core.internal.command.DbValidate     : Successfully validated 2 migrations (execution time 00:00.025s)
2022-04-06 22:08:36.167  INFO 6120 [main] --- o.f.c.i.s.JdbcTableSchemaHistory         : Creating Schema History table "PUBLIC"."flyway_schema_history" ...
2022-04-06 22:08:36.198  INFO 6120 [main] --- o.f.core.internal.command.DbMigrate      : Current version of schema "PUBLIC": << Empty Schema >>
2022-04-06 22:08:36.214  INFO 6120 [main] --- o.f.core.internal.command.DbMigrate      : Migrating schema "PUBLIC" to version 1.001 - CreateTables
2022-04-06 22:08:36.245  INFO 6120 [main] --- o.f.core.internal.command.DbMigrate      : Migrating schema "PUBLIC" to version 1.002 - Inserts
2022-04-06 22:08:36.261  INFO 6120 [main] --- o.f.core.internal.command.DbMigrate      : Successfully applied 2 migrations to schema "PUBLIC" (execution time 00:00.061s)
2022-04-06 22:08:36.355  INFO 6120 [main] --- o.hibernate.jpa.internal.util.LogHelper  : HHH000204: Processing PersistenceUnitInfo [name: default]
2022-04-06 22:08:36.417  INFO 6120 [main] --- org.hibernate.Version                    : HHH000412: Hibernate ORM core version 5.4.12.Final
2022-04-06 22:08:36.511  INFO 6120 [main] --- o.hibernate.annotations.common.Version   : HCANN000001: Hibernate Commons Annotations {5.1.0.Final}
2022-04-06 22:08:36.605  INFO 6120 [main] --- org.hibernate.dialect.Dialect            : HHH000400: Using dialect: org.hibernate.dialect.H2Dialect
2022-04-06 22:08:37.292  INFO 6120 [main] --- o.h.e.t.j.p.i.JtaPlatformInitiator       : HHH000490: Using JtaPlatform implementation: [org.hibernate.engine.transaction.jta.platform.internal.NoJtaPlatform]
2022-04-06 22:08:37.355  INFO 6120 [main] --- j.LocalContainerEntityManagerFactoryBean : Initialized JPA EntityManagerFactory for persistence unit 'default'
2022-04-06 22:08:37.464  WARN 6120 [main] --- JpaBaseConfiguration$JpaWebConfiguration : spring.jpa.open-in-view is enabled by default. Therefore, database queries may be performed during view rendering. Explicitly configure spring.jpa.open-in-view to disable this warning
2022-04-06 22:08:38.214  INFO 6120 [main] --- o.s.s.web.DefaultSecurityFilterChain     : Creating filter chain: any request, [org.springframework.security.web.context.request.async.WebAsyncManagerIntegrationFilter@4f6a5cc9, org.springframework.security.web.context.SecurityContextPersistenceFilter@8aafd70, org.springframework.security.web.header.HeaderWriterFilter@241abc2, org.springframework.security.web.authentication.logout.LogoutFilter@3958db82, com.wiltech.security.jwt.JwtTokenFilter@5d24703e, org.springframework.security.web.savedrequest.RequestCacheAwareFilter@7ca0b05e, org.springframework.security.web.servletapi.SecurityContextHolderAwareRequestFilter@5b160208, org.springframework.security.web.authentication.AnonymousAuthenticationFilter@4ef10d3b, org.springframework.security.web.session.SessionManagementFilter@54d2887a, org.springframework.security.web.access.ExceptionTranslationFilter@4844e24b, org.springframework.security.web.access.intercept.FilterSecurityInterceptor@263f6e96]
2022-04-06 22:08:38.324  INFO 6120 [main] --- o.s.s.concurrent.ThreadPoolTaskExecutor  : Initializing ExecutorService 'applicationTaskExecutor'
2022-04-06 22:08:38.605  INFO 6120 [main] --- o.a.coyote.http11.Http11NioProtocol      : Starting ProtocolHandler ["http-nio-5001"]
2022-04-06 22:08:38.621  INFO 6120 [main] --- o.s.b.w.embedded.tomcat.TomcatWebServer  : Tomcat started on port(s): 5001 (http) with context path '/api'
2022-04-06 22:08:38.636  INFO 6120 [main] --- com.wiltech.StaffManagementApplication   : Started StaffManagementApplication in 5.08 seconds (JVM running for 6.137)
2022-04-06 22:11:42.113  INFO 6120 [http-nio-5001-exec-1] --- o.a.c.c.C.[Tomcat].[localhost].[/api]    : Initializing Spring DispatcherServlet 'dispatcherServlet'
2022-04-06 22:11:42.115  INFO 6120 [http-nio-5001-exec-1] --- o.s.web.servlet.DispatcherServlet        : Initializing Servlet 'dispatcherServlet'
2022-04-06 22:11:42.127  INFO 6120 [http-nio-5001-exec-1] --- o.s.web.servlet.DispatcherServlet        : Completed initialization in 12 ms
2022-04-06 23:13:25.495  INFO 6120 [SpringContextShutdownHook] --- o.s.s.concurrent.ThreadPoolTaskExecutor  : Shutting down ExecutorService 'applicationTaskExecutor'
2022-04-06 23:13:25.495  INFO 6120 [SpringContextShutdownHook] --- j.LocalContainerEntityManagerFactoryBean : Closing JPA EntityManagerFactory for persistence unit 'default'
2022-04-06 23:13:25.495  INFO 6120 [SpringContextShutdownHook] --- com.zaxxer.hikari.HikariDataSource       : HikariPool-1 - Shutdown initiated...
2022-04-06 23:13:25.510  INFO 6120 [SpringContextShutdownHook] --- com.zaxxer.hikari.HikariDataSource       : HikariPool-1 - Shutdown completed.
2022-04-06 23:13:32.027  INFO 16172 [main] --- com.wiltech.StaffManagementApplication   : Starting StaffManagementApplication on DESKTOP-2EIBMTU with PID 16172 (C:\DEV\GIT\WILTECH\StaffManagementMonolith\staffManagementAPI\target\classes started by wilia in C:\DEV\GIT\WILTECH\StaffManagementMonolith\staffManagementAPI)
2022-04-06 23:13:32.042  INFO 16172 [main] --- com.wiltech.StaffManagementApplication   : No active profile set, falling back to default profiles: default
2022-04-06 23:13:32.855  INFO 16172 [main] --- .s.d.r.c.RepositoryConfigurationDelegate : Bootstrapping Spring Data JPA repositories in DEFAULT mode.
2022-04-06 23:13:32.964  INFO 16172 [main] --- .s.d.r.c.RepositoryConfigurationDelegate : Finished Spring Data repository scanning in 99ms. Found 4 JPA repository interfaces.
2022-04-06 23:13:33.339  INFO 16172 [main] --- trationDelegate$BeanPostProcessorChecker : Bean 'org.springframework.security.config.annotation.configuration.ObjectPostProcessorConfiguration' of type [org.springframework.security.config.annotation.configuration.ObjectPostProcessorConfiguration] is not eligible for getting processed by all BeanPostProcessors (for example: not eligible for auto-proxying)
2022-04-06 23:13:33.339  INFO 16172 [main] --- trationDelegate$BeanPostProcessorChecker : Bean 'objectPostProcessor' of type [org.springframework.security.config.annotation.configuration.AutowireBeanFactoryObjectPostProcessor] is not eligible for getting processed by all BeanPostProcessors (for example: not eligible for auto-proxying)
2022-04-06 23:13:33.339  INFO 16172 [main] --- trationDelegate$BeanPostProcessorChecker : Bean 'org.springframework.security.access.expression.method.DefaultMethodSecurityExpressionHandler@7beae796' of type [org.springframework.security.access.expression.method.DefaultMethodSecurityExpressionHandler] is not eligible for getting processed by all BeanPostProcessors (for example: not eligible for auto-proxying)
2022-04-06 23:13:33.339  INFO 16172 [main] --- trationDelegate$BeanPostProcessorChecker : Bean 'methodSecurityConfig' of type [com.wiltech.config.MethodSecurityConfig$$EnhancerBySpringCGLIB$$d72e589b] is not eligible for getting processed by all BeanPostProcessors (for example: not eligible for auto-proxying)
2022-04-06 23:13:33.355  INFO 16172 [main] --- trationDelegate$BeanPostProcessorChecker : Bean 'org.springframework.security.config.annotation.method.configuration.Jsr250MetadataSourceConfiguration' of type [org.springframework.security.config.annotation.method.configuration.Jsr250MetadataSourceConfiguration] is not eligible for getting processed by all BeanPostProcessors (for example: not eligible for auto-proxying)
2022-04-06 23:13:33.355  INFO 16172 [main] --- trationDelegate$BeanPostProcessorChecker : Bean 'jsr250MethodSecurityMetadataSource' of type [org.springframework.security.access.annotation.Jsr250MethodSecurityMetadataSource] is not eligible for getting processed by all BeanPostProcessors (for example: not eligible for auto-proxying)
2022-04-06 23:13:33.355  INFO 16172 [main] --- trationDelegate$BeanPostProcessorChecker : Bean 'methodSecurityMetadataSource' of type [org.springframework.security.access.method.DelegatingMethodSecurityMetadataSource] is not eligible for getting processed by all BeanPostProcessors (for example: not eligible for auto-proxying)
2022-04-06 23:13:33.589  INFO 16172 [main] --- o.s.b.w.embedded.tomcat.TomcatWebServer  : Tomcat initialized with port(s): 5001 (http)
2022-04-06 23:13:33.605  INFO 16172 [main] --- o.a.coyote.http11.Http11NioProtocol      : Initializing ProtocolHandler ["http-nio-5001"]
2022-04-06 23:13:33.605  INFO 16172 [main] --- o.apache.catalina.core.StandardService   : Starting service [Tomcat]
2022-04-06 23:13:33.605  INFO 16172 [main] --- org.apache.catalina.core.StandardEngine  : Starting Servlet engine: [Apache Tomcat/9.0.31]
2022-04-06 23:13:33.714  INFO 16172 [main] --- o.a.c.c.C.[Tomcat].[localhost].[/api]    : Initializing Spring embedded WebApplicationContext
2022-04-06 23:13:33.714  INFO 16172 [main] --- o.s.web.context.ContextLoader            : Root WebApplicationContext: initialization completed in 1625 ms
2022-04-06 23:13:33.761  INFO 16172 [main] --- com.zaxxer.hikari.HikariDataSource       : HikariPool-1 - Starting...
2022-04-06 23:13:33.839  INFO 16172 [main] --- com.zaxxer.hikari.HikariDataSource       : HikariPool-1 - Start completed.
2022-04-06 23:13:33.839  INFO 16172 [main] --- o.s.b.a.h2.H2ConsoleAutoConfiguration    : H2 console available at '/h2-console'. Database available at 'jdbc:h2:mem:database'
2022-04-06 23:13:33.949  INFO 16172 [main] --- o.f.c.internal.license.VersionPrinter    : Flyway Community Edition 6.0.8 by Redgate
2022-04-06 23:13:33.964  INFO 16172 [main] --- o.f.c.internal.database.DatabaseFactory  : Database: jdbc:h2:mem:database (H2 1.4)
2022-04-06 23:13:33.980  WARN 16172 [main] --- o.f.c.internal.database.base.Database    : Flyway upgrade recommended: H2 1.4.200 is newer than this version of Flyway and support has not been tested. The latest supported version of H2 is 1.4.199.
2022-04-06 23:13:34.011  INFO 16172 [main] --- o.f.core.internal.command.DbValidate     : Successfully validated 2 migrations (execution time 00:00.025s)
2022-04-06 23:13:34.027  INFO 16172 [main] --- o.f.c.i.s.JdbcTableSchemaHistory         : Creating Schema History table "PUBLIC"."flyway_schema_history" ...
2022-04-06 23:13:34.074  INFO 16172 [main] --- o.f.core.internal.command.DbMigrate      : Current version of schema "PUBLIC": << Empty Schema >>
2022-04-06 23:13:34.074  INFO 16172 [main] --- o.f.core.internal.command.DbMigrate      : Migrating schema "PUBLIC" to version 1.001 - CreateTables
2022-04-06 23:13:34.105  INFO 16172 [main] --- o.f.core.internal.command.DbMigrate      : Migrating schema "PUBLIC" to version 1.002 - Inserts
2022-04-06 23:13:34.121  INFO 16172 [main] --- o.f.core.internal.command.DbMigrate      : Successfully applied 2 migrations to schema "PUBLIC" (execution time 00:00.064s)
2022-04-06 23:13:34.214  INFO 16172 [main] --- o.hibernate.jpa.internal.util.LogHelper  : HHH000204: Processing PersistenceUnitInfo [name: default]
2022-04-06 23:13:34.277  INFO 16172 [main] --- org.hibernate.Version                    : HHH000412: Hibernate ORM core version 5.4.12.Final
2022-04-06 23:13:34.387  INFO 16172 [main] --- o.hibernate.annotations.common.Version   : HCANN000001: Hibernate Commons Annotations {5.1.0.Final}
2022-04-06 23:13:34.480  INFO 16172 [main] --- org.hibernate.dialect.Dialect            : HHH000400: Using dialect: org.hibernate.dialect.H2Dialect
2022-04-06 23:13:35.105  INFO 16172 [main] --- o.h.e.t.j.p.i.JtaPlatformInitiator       : HHH000490: Using JtaPlatform implementation: [org.hibernate.engine.transaction.jta.platform.internal.NoJtaPlatform]
2022-04-06 23:13:35.168  INFO 16172 [main] --- j.LocalContainerEntityManagerFactoryBean : Initialized JPA EntityManagerFactory for persistence unit 'default'
2022-04-06 23:13:35.231  WARN 16172 [main] --- JpaBaseConfiguration$JpaWebConfiguration : spring.jpa.open-in-view is enabled by default. Therefore, database queries may be performed during view rendering. Explicitly configure spring.jpa.open-in-view to disable this warning
2022-04-06 23:13:36.043  INFO 16172 [main] --- o.s.s.web.DefaultSecurityFilterChain     : Creating filter chain: any request, [org.springframework.security.web.context.request.async.WebAsyncManagerIntegrationFilter@eb09112, org.springframework.security.web.context.SecurityContextPersistenceFilter@7e2f16bd, org.springframework.security.web.header.HeaderWriterFilter@21202507, org.springframework.security.web.authentication.logout.LogoutFilter@11678469, com.wiltech.security.jwt.JwtTokenFilter@28521ed5, org.springframework.security.web.savedrequest.RequestCacheAwareFilter@1399ad68, org.springframework.security.web.servletapi.SecurityContextHolderAwareRequestFilter@17e66aed, org.springframework.security.web.authentication.AnonymousAuthenticationFilter@2b06c388, org.springframework.security.web.session.SessionManagementFilter@4d10f182, org.springframework.security.web.access.ExceptionTranslationFilter@755a90a6, org.springframework.security.web.access.intercept.FilterSecurityInterceptor@6eb332d1]
2022-04-06 23:13:36.152  INFO 16172 [main] --- o.s.s.concurrent.ThreadPoolTaskExecutor  : Initializing ExecutorService 'applicationTaskExecutor'
2022-04-06 23:13:36.512  INFO 16172 [main] --- o.a.coyote.http11.Http11NioProtocol      : Starting ProtocolHandler ["http-nio-5001"]
2022-04-06 23:13:36.528  INFO 16172 [main] --- o.s.b.w.embedded.tomcat.TomcatWebServer  : Tomcat started on port(s): 5001 (http) with context path '/api'
2022-04-06 23:13:36.528  INFO 16172 [main] --- com.wiltech.StaffManagementApplication   : Started StaffManagementApplication in 5.026 seconds (JVM running for 6.268)
2022-04-06 23:13:51.749  INFO 16172 [http-nio-5001-exec-1] --- o.a.c.c.C.[Tomcat].[localhost].[/api]    : Initializing Spring DispatcherServlet 'dispatcherServlet'
2022-04-06 23:13:51.752  INFO 16172 [http-nio-5001-exec-1] --- o.s.web.servlet.DispatcherServlet        : Initializing Servlet 'dispatcherServlet'
2022-04-06 23:13:51.764  INFO 16172 [http-nio-5001-exec-1] --- o.s.web.servlet.DispatcherServlet        : Completed initialization in 12 ms
2022-04-06 23:13:51.864  WARN 16172 [http-nio-5001-exec-1] --- c.wiltech.security.jwt.JwtTokenProvider  : Request to parse expired JWT : eyJhbGciOiJIUzI1NiJ9.eyJzdWIiOiJXaWxGZXJyYWNpb2xsaUB3aWx0ZWNoLmNvbSIsImlkIjoxMDAwLCJyb2xlcyI6WyJST0xFX0FETUlOIiwiUk9MRV9IUl9BRE1JTiIsIlJPTEVfVVNFUiJdLCJpYXQiOjE2NDkyNzE5ODgsImV4cCI6MTY0OTI3NTU4OH0.eBtQTXWDlUbmAfvFpvbajvw0s6Z7kxui98vxMDIpsXE failed : JWT expired at 2022-04-06T23:06:28Z. Current time: 2022-04-06T23:13:51Z, a difference of 443863 milliseconds.  Allowed clock skew: 0 milliseconds.
2022-04-06 23:13:51.865 ERROR 16172 [http-nio-5001-exec-1] --- com.wiltech.security.jwt.JwtTokenFilter  : Bad Token, returning 401 Expired or invalid JWT token
2022-04-06 23:13:52.108  WARN 16172 [http-nio-5001-exec-1] --- c.wiltech.security.jwt.JwtTokenProvider  : Request to parse expired JWT : eyJhbGciOiJIUzI1NiJ9.eyJzdWIiOiJXaWxGZXJyYWNpb2xsaUB3aWx0ZWNoLmNvbSIsImlkIjoxMDAwLCJyb2xlcyI6WyJST0xFX0FETUlOIiwiUk9MRV9IUl9BRE1JTiIsIlJPTEVfVVNFUiJdLCJpYXQiOjE2NDkyNzE5ODgsImV4cCI6MTY0OTI3NTU4OH0.eBtQTXWDlUbmAfvFpvbajvw0s6Z7kxui98vxMDIpsXE failed : JWT expired at 2022-04-06T23:06:28Z. Current time: 2022-04-06T23:13:52Z, a difference of 444108 milliseconds.  Allowed clock skew: 0 milliseconds.
2022-04-06 23:13:52.108 ERROR 16172 [http-nio-5001-exec-1] --- com.wiltech.security.jwt.JwtTokenFilter  : Bad Token, returning 401 Expired or invalid JWT token
2022-04-06 23:16:48.554  INFO 16172 [SpringContextShutdownHook] --- o.s.s.concurrent.ThreadPoolTaskExecutor  : Shutting down ExecutorService 'applicationTaskExecutor'
2022-04-06 23:16:48.569  INFO 16172 [SpringContextShutdownHook] --- j.LocalContainerEntityManagerFactoryBean : Closing JPA EntityManagerFactory for persistence unit 'default'
2022-04-06 23:16:48.569  INFO 16172 [SpringContextShutdownHook] --- com.zaxxer.hikari.HikariDataSource       : HikariPool-1 - Shutdown initiated...
2022-04-06 23:16:48.569  INFO 16172 [SpringContextShutdownHook] --- com.zaxxer.hikari.HikariDataSource       : HikariPool-1 - Shutdown completed.
